2025-01-11 14:30:36.312 [restartedMain] INFO  com.lion.tourism.BackendApplication - Starting BackendApplication using Java 1.8.0_202 on DESKTOP-JEIL9FJ with PID 19792 (D:\Desktop\旅游推荐系统\旅游推荐系统\源代码\backend-Api\target\classes started by 23734 in D:\Desktop\旅游推荐系统\旅游推荐系统\源代码\backend-Api)
2025-01-11 14:30:36.317 [restartedMain] INFO  com.lion.tourism.BackendApplication - The following profiles are active: dev
2025-01-11 14:30:36.366 [restartedMain] INFO  o.s.b.d.env.DevToolsPropertyDefaultsPostProcessor - Devtools property defaults active! Set 'spring.devtools.add-properties' to 'false' to disable
2025-01-11 14:30:36.366 [restartedMain] INFO  o.s.b.d.env.DevToolsPropertyDefaultsPostProcessor - For additional web related logging consider setting the 'logging.level.web' property to 'DEBUG'
2025-01-11 14:30:36.891 [restartedMain] INFO  o.s.d.r.config.RepositoryConfigurationDelegate - Multiple Spring Data modules found, entering strict repository configuration mode!
2025-01-11 14:30:36.893 [restartedMain] INFO  o.s.d.r.config.RepositoryConfigurationDelegate - Bootstrapping Spring Data Redis repositories in DEFAULT mode.
2025-01-11 14:30:36.921 [restartedMain] INFO  o.s.d.r.config.RepositoryConfigurationDelegate - Finished Spring Data repository scanning in 17 ms. Found 0 Redis repository interfaces.
2025-01-11 14:30:37.366 [restartedMain] INFO  o.s.boot.web.embedded.tomcat.TomcatWebServer - Tomcat initialized with port(s): 8080 (http)
2025-01-11 14:30:37.373 [restartedMain] INFO  org.apache.coyote.http11.Http11NioProtocol - Initializing ProtocolHandler ["http-nio-8080"]
2025-01-11 14:30:37.374 [restartedMain] INFO  org.apache.catalina.core.StandardService - Starting service [Tomcat]
2025-01-11 14:30:37.374 [restartedMain] INFO  org.apache.catalina.core.StandardEngine - Starting Servlet engine: [Apache Tomcat/9.0.41]
2025-01-11 14:30:37.430 [restartedMain] INFO  o.a.c.core.ContainerBase.[Tomcat].[localhost].[/] - Initializing Spring embedded WebApplicationContext
2025-01-11 14:30:37.430 [restartedMain] INFO  o.s.b.w.s.c.ServletWebServerApplicationContext - Root WebApplicationContext: initialization completed in 1062 ms
2025-01-11 14:30:37.721 [restartedMain] INFO  c.a.d.s.b.a.DruidDataSourceAutoConfigure - Init DruidDataSource
2025-01-11 14:30:38.411 [restartedMain] INFO  com.alibaba.druid.pool.DruidDataSource - {dataSource-1} inited
2025-01-11 14:30:39.349 [restartedMain] INFO  o.s.scheduling.concurrent.ThreadPoolTaskExecutor - Initializing ExecutorService 'applicationTaskExecutor'
2025-01-11 14:30:39.534 [restartedMain] INFO  o.s.b.d.autoconfigure.OptionalLiveReloadServer - LiveReload server is running on port 35729
2025-01-11 14:30:39.560 [restartedMain] INFO  org.apache.coyote.http11.Http11NioProtocol - Starting ProtocolHandler ["http-nio-8080"]
2025-01-11 14:30:39.577 [restartedMain] INFO  o.s.boot.web.embedded.tomcat.TomcatWebServer - Tomcat started on port(s): 8080 (http) with context path ''
2025-01-11 14:30:39.585 [restartedMain] INFO  com.lion.tourism.BackendApplication - Started BackendApplication in 3.717 seconds (JVM running for 4.734)
2025-01-11 14:30:39.587 [restartedMain] INFO  com.lion.tourism.BackendApplication - =====================项目后端启动成功============================
2025-01-11 14:31:16.161 [http-nio-8080-exec-2] INFO  o.a.c.core.ContainerBase.[Tomcat].[localhost].[/] - Initializing Spring DispatcherServlet 'dispatcherServlet'
2025-01-11 14:31:16.162 [http-nio-8080-exec-2] INFO  org.springframework.web.servlet.DispatcherServlet - Initializing Servlet 'dispatcherServlet'
2025-01-11 14:31:16.163 [http-nio-8080-exec-2] INFO  org.springframework.web.servlet.DispatcherServlet - Completed initialization in 1 ms
2025-01-11 14:36:26.835 [http-nio-8080-exec-100] INFO  com.lion.tourism.handle.MyMetaObjectHandler - 公共字段自动填充[update]...
2025-01-11 14:41:53.069 [http-nio-8080-exec-9] INFO  com.lion.tourism.handle.MyMetaObjectHandler - 公共字段自动填充[update]...
2025-01-11 14:44:14.440 [http-nio-8080-exec-26] INFO  com.lion.tourism.handle.MyMetaObjectHandler - 公共字段自动填充[update]...
2025-01-11 14:44:19.605 [http-nio-8080-exec-27] INFO  com.lion.tourism.handle.MyMetaObjectHandler - 公共字段自动填充[update]...
2025-01-11 14:45:59.701 [http-nio-8080-exec-39] INFO  com.lion.tourism.handle.MyMetaObjectHandler - 公共字段自动填充[update]...
2025-01-11 14:47:28.877 [http-nio-8080-exec-50] INFO  com.lion.tourism.handle.MyMetaObjectHandler - 公共字段自动填充[update]...
2025-01-11 14:49:26.403 [http-nio-8080-exec-61] INFO  com.lion.tourism.handle.MyMetaObjectHandler - 公共字段自动填充[update]...
2025-01-11 14:50:46.891 [http-nio-8080-exec-65] INFO  com.lion.tourism.handle.MyMetaObjectHandler - 公共字段自动填充[update]...
2025-01-11 14:52:03.626 [http-nio-8080-exec-76] INFO  com.lion.tourism.handle.MyMetaObjectHandler - 公共字段自动填充[update]...
2025-01-11 14:53:20.305 [http-nio-8080-exec-86] INFO  com.lion.tourism.handle.MyMetaObjectHandler - 公共字段自动填充[update]...
2025-01-11 14:54:27.806 [http-nio-8080-exec-93] INFO  com.lion.tourism.handle.MyMetaObjectHandler - 公共字段自动填充[update]...
2025-01-11 14:57:06.421 [http-nio-8080-exec-81] INFO  com.lion.tourism.handle.MyMetaObjectHandler - 公共字段自动填充[update]...
2025-01-11 14:57:07.795 [http-nio-8080-exec-83] INFO  com.lion.tourism.handle.MyMetaObjectHandler - 公共字段自动填充[update]...
2025-01-11 14:58:11.811 [http-nio-8080-exec-100] INFO  com.lion.tourism.handle.MyMetaObjectHandler - 公共字段自动填充[update]...
2025-01-11 15:00:34.403 [http-nio-8080-exec-29] INFO  com.lion.tourism.handle.MyMetaObjectHandler - 公共字段自动填充[update]...
2025-01-11 15:01:39.367 [http-nio-8080-exec-23] INFO  com.lion.tourism.handle.MyMetaObjectHandler - 公共字段自动填充[update]...
2025-01-11 15:03:20.878 [http-nio-8080-exec-45] INFO  com.lion.tourism.handle.MyMetaObjectHandler - 公共字段自动填充[update]...
2025-01-11 15:04:17.670 [http-nio-8080-exec-47] INFO  com.lion.tourism.handle.MyMetaObjectHandler - 公共字段自动填充[update]...
2025-01-11 15:05:10.327 [http-nio-8080-exec-57] INFO  com.lion.tourism.handle.MyMetaObjectHandler - 公共字段自动填充[update]...
2025-01-11 15:05:54.810 [http-nio-8080-exec-61] INFO  com.lion.tourism.handle.MyMetaObjectHandler - 公共字段自动填充[update]...
2025-01-11 15:06:57.329 [http-nio-8080-exec-70] INFO  com.lion.tourism.handle.MyMetaObjectHandler - 公共字段自动填充[update]...
2025-01-11 15:07:33.195 [http-nio-8080-exec-72] INFO  com.lion.tourism.handle.MyMetaObjectHandler - 公共字段自动填充[update]...
2025-01-11 15:08:11.818 [http-nio-8080-exec-78] INFO  com.lion.tourism.handle.MyMetaObjectHandler - 公共字段自动填充[update]...
2025-01-11 15:09:08.976 [http-nio-8080-exec-82] INFO  com.lion.tourism.handle.MyMetaObjectHandler - 公共字段自动填充[update]...
2025-01-11 15:11:39.864 [http-nio-8080-exec-92] INFO  com.lion.tourism.handle.MyMetaObjectHandler - 公共字段自动填充[update]...
2025-01-11 15:11:59.625 [http-nio-8080-exec-96] INFO  com.lion.tourism.handle.MyMetaObjectHandler - 公共字段自动填充[update]...
2025-01-11 15:12:11.984 [http-nio-8080-exec-4] INFO  com.lion.tourism.handle.MyMetaObjectHandler - 公共字段自动填充[update]...
2025-01-11 15:12:22.665 [http-nio-8080-exec-7] INFO  com.lion.tourism.handle.MyMetaObjectHandler - 公共字段自动填充[update]...
2025-01-11 15:12:32.257 [http-nio-8080-exec-5] INFO  com.lion.tourism.handle.MyMetaObjectHandler - 公共字段自动填充[update]...
2025-01-11 15:12:40.334 [http-nio-8080-exec-9] INFO  com.lion.tourism.handle.MyMetaObjectHandler - 公共字段自动填充[update]...
2025-01-11 15:12:48.804 [http-nio-8080-exec-19] INFO  com.lion.tourism.handle.MyMetaObjectHandler - 公共字段自动填充[update]...
2025-01-11 15:13:01.575 [http-nio-8080-exec-29] INFO  com.lion.tourism.handle.MyMetaObjectHandler - 公共字段自动填充[update]...
2025-01-11 15:13:04.538 [http-nio-8080-exec-26] INFO  com.lion.tourism.handle.MyMetaObjectHandler - 公共字段自动填充[update]...
2025-01-11 15:23:38.501 [http-nio-8080-exec-51] INFO  com.lion.tourism.handle.MyMetaObjectHandler - 公共字段自动填充[update]...
2025-01-11 15:23:56.214 [http-nio-8080-exec-48] INFO  com.lion.tourism.handle.MyMetaObjectHandler - 公共字段自动填充[update]...
2025-01-11 20:42:58.851 [SpringContextShutdownHook] INFO  o.s.scheduling.concurrent.ThreadPoolTaskExecutor - Shutting down ExecutorService 'applicationTaskExecutor'
2025-01-11 20:42:58.855 [SpringContextShutdownHook] INFO  com.alibaba.druid.pool.DruidDataSource - {dataSource-1} closing ...
2025-01-11 20:42:58.859 [SpringContextShutdownHook] INFO  com.alibaba.druid.pool.DruidDataSource - {dataSource-1} closed
